<?xml version="1.0" encoding="UTF-8"?>
<!-- Generated by org.testng.reporters.JUnitReportReporter -->
<testsuite skipped="0" hostname="DESKTOP-T4AOKQD" name="testCase.TestCase" tests="1" failures="0" timestamp="2020-09-25T17:19:54 IST" time="46.111" errors="0">
  <testcase name="test1" time="46.111" classname="testCase.TestCase"/>
</testsuite> <!-- testCase.TestCase -->
